<?xml version="1.0" encoding="UTF-8"?>
<robot generator="Robot 5.0.1 (Python 3.9.13 on win32)" generated="20230903 19:54:57.676" rpa="false" schemaversion="3">
<suite id="s1" name="Ejercicio1" source="c:\Users\endor\OneDrive\Documentos\RobotContenido\Contenido\test\Ejercicio1.robot">
<test id="s1-t1" name="Valid Login" line="10">
<kw name="Open Browser To Login Page">
<kw name="Open Browser">
<arg>${LOGIN URL}</arg>
<arg>${BROWSER}</arg>
<msg timestamp="20230903 19:54:57.708" level="FAIL">No keyword with name 'Open Browser' found.</msg>
<status status="FAIL" starttime="20230903 19:54:57.708" endtime="20230903 19:54:57.709"/>
</kw>
<kw name="Title Should Be">
<arg>Login</arg>
<status status="NOT RUN" starttime="20230903 19:54:57.711" endtime="20230903 19:54:57.711"/>
</kw>
<status status="FAIL" starttime="20230903 19:54:57.706" endtime="20230903 19:54:57.711"/>
</kw>
<kw name="Input Username">
<arg>user</arg>
<status status="NOT RUN" starttime="20230903 19:54:57.712" endtime="20230903 19:54:57.712"/>
</kw>
<kw name="Input Password">
<arg>password1</arg>
<status status="NOT RUN" starttime="20230903 19:54:57.712" endtime="20230903 19:54:57.712"/>
</kw>
<kw name="Submit Credentials">
<status status="NOT RUN" starttime="20230903 19:54:57.713" endtime="20230903 19:54:57.713"/>
</kw>
<kw name="Welcome Page Should Be Open">
<status status="NOT RUN" starttime="20230903 19:54:57.713" endtime="20230903 19:54:57.713"/>
</kw>
<status status="FAIL" starttime="20230903 19:54:57.705" endtime="20230903 19:54:57.714">No keyword with name 'Open Browser' found.</status>
</test>
<doc>Simple example using SeleniumLibrary.</doc>
<status status="FAIL" starttime="20230903 19:54:57.681" endtime="20230903 19:54:57.715"/>
</suite>
<statistics>
<total>
<stat pass="0" fail="1" skip="0">All Tests</stat>
</total>
<tag>
</tag>
<suite>
<stat pass="0" fail="1" skip="0" id="s1" name="Ejercicio1">Ejercicio1</stat>
</suite>
</statistics>
<errors>
<msg timestamp="20230903 19:54:57.701" level="ERROR">Error in file 'c:\Users\endor\OneDrive\Documentos\RobotContenido\Contenido\test\Ejercicio1.robot' on line 3: Importing library 'SeleniumLibrary' failed: ModuleNotFoundError: No module named 'SeleniumLibrary'
Traceback (most recent call last):
  None
PYTHONPATH:
  c:\Users\endor\.vscode\extensions\robocorp.robotframework-lsp-1.11.0\src\robotframework_debug_adapter
  C:\Users\endor\OneDrive\Documentos\RobotContenido\Contenido\test
  c:\Users\endor\.vscode\extensions\robocorp.robotframework-lsp-1.11.0\src
  c:\Users\endor\.vscode\extensions\robocorp.robotframework-lsp-1.11.0\src\robotframework_ls\vendored
  c:\ProgramData\robocorp\ht\f063d6b_b1f3c24_8a19a20c\python39.zip
  c:\ProgramData\robocorp\ht\f063d6b_b1f3c24_8a19a20c\DLLs
  c:\ProgramData\robocorp\ht\f063d6b_b1f3c24_8a19a20c\lib
  c:\ProgramData\robocorp\ht\f063d6b_b1f3c24_8a19a20c
  c:\ProgramData\robocorp\ht
  c:\ProgramData\robocorp\ht\f063d6b_b1f3c24_8a19a20c\lib\site-packages
  c:\ProgramData\robocorp\ht\f063d6b_b1f3c24_8a19a20c\lib\site-packages\win32
  c:\ProgramData\robocorp\ht\f063d6b_b1f3c24_8a19a20c\lib\site-packages\win32\lib
  c:\ProgramData\robocorp\ht\f063d6b_b1f3c24_8a19a20c\lib\site-packages\Pythonwin</msg>
</errors>
</robot>
