<?xml version="1.0" encoding="UTF-8"?>
<robot generator="Robot 6.1.1 (Python 3.11.5 on win32)" generated="20230910 20:24:42.288" rpa="false" schemaversion="4">
<suite id="s1" name="Contenido" source="C:\Users\endor\OneDrive\Documentos\RobotContenido\Contenido">
<suite id="s1-s1" name="Test" source="C:\Users\endor\OneDrive\Documentos\RobotContenido\Contenido\test">
<suite id="s1-s1-s1" name="Login" source="C:\Users\endor\OneDrive\Documentos\RobotContenido\Contenido\test\Login.robot">
<test id="s1-s1-s1-t1" name="Iniciar sesión con credenciales validas" line="7">
<kw name="Ingresar a la url del portal para verificacion de credenciales actuales" library="Acciones">
<kw name="f_navegador" library="Funciones">
<arg>${url}</arg>
<arg>${navegador}</arg>
<kw name="Open Browser" library="SeleniumLibrary">
<arg>${url}</arg>
<arg>${navegador}</arg>
<doc>Opens a new browser instance to the optional ``url``.</doc>
<msg timestamp="20230910 20:24:42.506" level="INFO">Opening browser 'edge' to base url 'file:///C:/Users/endor/OneDrive/Documentos/RobotContenido/Contenido/pagina/index.html'.</msg>
<status status="PASS" starttime="20230910 20:24:42.505" endtime="20230910 20:24:44.115"/>
</kw>
<kw name="Maximize Browser Window" library="SeleniumLibrary">
<doc>Maximizes current browser window.</doc>
<status status="PASS" starttime="20230910 20:24:44.115" endtime="20230910 20:24:44.227"/>
</kw>
<kw name="Set Selenium Implicit Wait" library="SeleniumLibrary">
<arg>1.5s</arg>
<doc>Sets the implicit wait value used by Selenium.</doc>
<status status="PASS" starttime="20230910 20:24:44.227" endtime="20230910 20:24:44.229"/>
</kw>
<kw name="Set Selenium Speed" library="SeleniumLibrary">
<arg>.9s</arg>
<doc>Sets the delay that is waited after each Selenium command.</doc>
<status status="PASS" starttime="20230910 20:24:44.229" endtime="20230910 20:24:44.229"/>
</kw>
<status status="PASS" starttime="20230910 20:24:42.505" endtime="20230910 20:24:44.229"/>
</kw>
<status status="PASS" starttime="20230910 20:24:42.505" endtime="20230910 20:24:44.229"/>
</kw>
<kw name="Verificar que el campo usuario sea obligatorio" library="Acciones">
<kw name="f_txt" library="Funciones">
<arg>username</arg>
<arg>user</arg>
<kw name="Wait Until Element Is Visible" library="SeleniumLibrary">
<arg>${self}</arg>
<doc>Waits until the element ``locator`` is visible.</doc>
<status status="PASS" starttime="20230910 20:24:44.230" endtime="20230910 20:24:46.097"/>
</kw>
<kw name="Wait Until Element Is Enabled" library="SeleniumLibrary">
<arg>${self}</arg>
<doc>Waits until the element ``locator`` is enabled.</doc>
<status status="PASS" starttime="20230910 20:24:46.097" endtime="20230910 20:24:48.831"/>
</kw>
<kw name="Element Should Be Visible" library="SeleniumLibrary">
<arg>${self}</arg>
<doc>Verifies that the element identified by ``locator`` is visible.</doc>
<msg timestamp="20230910 20:24:50.646" level="INFO">Element 'username' is displayed.</msg>
<status status="PASS" starttime="20230910 20:24:48.831" endtime="20230910 20:24:50.646"/>
</kw>
<kw name="Execute Javascript" library="SeleniumLibrary">
<arg>window.scroll(0,20)</arg>
<doc>Executes the given JavaScript code with possible arguments.</doc>
<msg timestamp="20230910 20:24:50.647" level="INFO">Executing JavaScript:
window.scroll(0,20)
Without any arguments.</msg>
<status status="PASS" starttime="20230910 20:24:50.646" endtime="20230910 20:24:51.551"/>
</kw>
<kw name="Input Text" library="SeleniumLibrary">
<arg>${self}</arg>
<arg>${dato}</arg>
<doc>Types the given ``text`` into the text field identified by ``locator``.</doc>
<msg timestamp="20230910 20:24:51.552" level="INFO">Typing text 'user' into text field 'username'.</msg>
<status status="PASS" starttime="20230910 20:24:51.551" endtime="20230910 20:24:54.315"/>
</kw>
<status status="PASS" starttime="20230910 20:24:44.230" endtime="20230910 20:24:54.315"/>
</kw>
<status status="PASS" starttime="20230910 20:24:44.230" endtime="20230910 20:24:54.315"/>
</kw>
<kw name="Verificar que el campo contraseña sea obligatorio" library="Acciones">
<kw name="f_pass" library="Funciones">
<arg>password</arg>
<arg>password</arg>
<kw name="Wait Until Element Is Visible" library="SeleniumLibrary">
<arg>${self}</arg>
<doc>Waits until the element ``locator`` is visible.</doc>
<status status="PASS" starttime="20230910 20:24:54.316" endtime="20230910 20:24:56.132"/>
</kw>
<kw name="Wait Until Element Is Enabled" library="SeleniumLibrary">
<arg>${self}</arg>
<doc>Waits until the element ``locator`` is enabled.</doc>
<status status="PASS" starttime="20230910 20:24:56.132" endtime="20230910 20:24:58.851"/>
</kw>
<kw name="Element Should Be Visible" library="SeleniumLibrary">
<arg>${self}</arg>
<doc>Verifies that the element identified by ``locator`` is visible.</doc>
<msg timestamp="20230910 20:25:00.664" level="INFO">Element 'password' is displayed.</msg>
<status status="PASS" starttime="20230910 20:24:58.851" endtime="20230910 20:25:00.664"/>
</kw>
<kw name="Input Password" library="SeleniumLibrary">
<arg>${self}</arg>
<arg>${dato}</arg>
<doc>Types the given password into the text field identified by ``locator``.</doc>
<msg timestamp="20230910 20:25:00.665" level="INFO">Typing password into text field 'password'.</msg>
<msg timestamp="20230910 20:25:02.485" level="INFO">Temporally setting log level to: NONE</msg>
<msg timestamp="20230910 20:25:03.416" level="INFO">Log level changed from NONE to INFO.</msg>
<status status="PASS" starttime="20230910 20:25:00.664" endtime="20230910 20:25:03.416"/>
</kw>
<status status="PASS" starttime="20230910 20:24:54.316" endtime="20230910 20:25:03.416"/>
</kw>
<status status="PASS" starttime="20230910 20:24:54.315" endtime="20230910 20:25:03.416"/>
</kw>
<kw name="Hacer clic en el boton iniciar sesion" library="Acciones">
<kw name="f_buton" library="Funciones">
<arg>btnenviar</arg>
<kw name="Wait Until Element Is Visible" library="SeleniumLibrary">
<arg>${self}</arg>
<doc>Waits until the element ``locator`` is visible.</doc>
<status status="PASS" starttime="20230910 20:25:03.418" endtime="20230910 20:25:05.234"/>
</kw>
<kw name="Wait Until Element Is Enabled" library="SeleniumLibrary">
<arg>${self}</arg>
<doc>Waits until the element ``locator`` is enabled.</doc>
<status status="PASS" starttime="20230910 20:25:05.234" endtime="20230910 20:25:07.950"/>
</kw>
<kw name="Element Should Be Visible" library="SeleniumLibrary">
<arg>${self}</arg>
<doc>Verifies that the element identified by ``locator`` is visible.</doc>
<msg timestamp="20230910 20:25:09.763" level="INFO">Element 'btnenviar' is displayed.</msg>
<status status="PASS" starttime="20230910 20:25:07.950" endtime="20230910 20:25:09.763"/>
</kw>
<kw name="Click Button" library="SeleniumLibrary">
<arg>${self}</arg>
<doc>Clicks the button identified by ``locator``.</doc>
<msg timestamp="20230910 20:25:09.764" level="INFO">Clicking button 'btnenviar'.</msg>
<status status="PASS" starttime="20230910 20:25:09.763" endtime="20230910 20:25:14.906"/>
</kw>
<status status="PASS" starttime="20230910 20:25:03.417" endtime="20230910 20:25:14.906"/>
</kw>
<status status="PASS" starttime="20230910 20:25:03.417" endtime="20230910 20:25:14.907"/>
</kw>
<status status="PASS" starttime="20230910 20:24:42.504" endtime="20230910 20:25:14.907"/>
</test>
<status status="PASS" starttime="20230910 20:24:42.315" endtime="20230910 20:25:14.909"/>
</suite>
<status status="PASS" starttime="20230910 20:24:42.313" endtime="20230910 20:25:14.910"/>
</suite>
<status status="PASS" starttime="20230910 20:24:42.294" endtime="20230910 20:25:14.912"/>
</suite>
<statistics>
<total>
<stat pass="1" fail="0" skip="0">All Tests</stat>
</total>
<tag>
</tag>
<suite>
<stat pass="1" fail="0" skip="0" id="s1" name="Contenido">Contenido</stat>
<stat pass="1" fail="0" skip="0" id="s1-s1" name="Test">Contenido.Test</stat>
<stat pass="1" fail="0" skip="0" id="s1-s1-s1" name="Login">Contenido.Test.Login</stat>
</suite>
</statistics>
<errors>
</errors>
</robot>
